Using pre-set license
Built from '2020.3/staging' branch; Version is '2020.3.5f1 (8095aa901b9b) revision 8426922'; Using compiler version '192528614'; Build Type 'Release'
OS: 'Windows 10 Home; OS build 19041.928; Version 2004; 64bit' Language: 'en' Physical Memory: 16258 MB
BatchMode: 1, IsHumanControllingUs: 0, StartBugReporterOnCrash: 0, Is64bit: 1, IsPro: 0

 COMMAND LINE ARGUMENTS:
D:\Software\Unity\2020.3.5f1\Editor\Unity.exe
-adb2
-batchMode
-noUpm
-name
AssetImportWorker0
-projectPath
D:/Projects/ld-48/LudumDare48
-logFile
Logs/AssetImportWorker0.log
-srvPort
55048
Successfully changed project path to: D:/Projects/ld-48/LudumDare48
D:/Projects/ld-48/LudumDare48
Using Asset Import Pipeline V2.
Refreshing native plugins compatible for Editor in 42.55 ms, found 1 plugins.
Preloading 0 native plugins for Editor in 0.00 ms.
Initialize engine version: 2020.3.5f1 (8095aa901b9b)
[Subsystems] Discovering subsystems at path D:/Software/Unity/2020.3.5f1/Editor/Data/Resources/UnitySubsystems
[Subsystems] Discovering subsystems at path D:/Projects/ld-48/LudumDare48/Assets
GfxDevice: creating device client; threaded=0
Direct3D:
    Version:  Direct3D 11.0 [level 11.1]
    Renderer: Intel(R) UHD Graphics 620 (ID=0x5917)
    Vendor:   
    VRAM:     8129 MB
    Driver:   24.20.100.6025
Initialize mono
Mono path[0] = 'D:/Software/Unity/2020.3.5f1/Editor/Data/Managed'
Mono path[1] = 'D:/Software/Unity/2020.3.5f1/Editor/Data/MonoBleedingEdge/lib/mono/unityjit'
Mono config path = 'D:/Software/Unity/2020.3.5f1/Editor/Data/MonoBleedingEdge/etc'
Using monoOptions --debugger-agent=transport=dt_socket,embedding=1,server=y,suspend=n,address=127.0.0.1:56740
Begin MonoManager ReloadAssembly
Registering precompiled unity dll's ...
Register platform support module: D:/Software/Unity/2020.3.5f1/Editor/Data/PlaybackEngines/WindowsStandaloneSupport/UnityEditor.WindowsStandalone.Extensions.dll
Registered in 0.001723 seconds.
Native extension for WindowsStandalone target not found
Refreshing native plugins compatible for Editor in 39.54 ms, found 1 plugins.
Preloading 0 native plugins for Editor in 0.00 ms.
Mono: successfully reloaded assembly
- Completed reload, in  1.171 seconds
Platform modules already initialized, skipping
Registering precompiled user dll's ...
Registered in 0.001804 seconds.
Begin MonoManager ReloadAssembly
Native extension for WindowsStandalone target not found
Refreshing native plugins compatible for Editor in 39.40 ms, found 1 plugins.
Preloading 0 native plugins for Editor in 0.00 ms.
Mono: successfully reloaded assembly
- Completed reload, in  0.995 seconds
Platform modules already initialized, skipping
========================================================================
Worker process is ready to serve import requests
Launched and connected shader compiler UnityShaderCompiler.exe after 0.09 seconds
Refreshing native plugins compatible for Editor in 0.40 ms, found 1 plugins.
Preloading 0 native plugins for Editor in 0.00 ms.
Unloading 1817 Unused Serialized files (Serialized files now loaded: 0)
System memory in use before: 85.1 MB.
System memory in use after: 85.1 MB.

Unloading 26 unused Assets to reduce memory usage. Loaded Objects now: 2262.
Total: 2.460300 ms (FindLiveObjects: 0.199100 ms CreateObjectMapping: 0.066200 ms MarkObjects: 2.055000 ms  DeleteObjects: 0.138800 ms)

========================================================================
Received Import Request.
  path: Assets/Scenes
  artifactKey: Guid(f5ccc89800e177347820091ded956ac4) Importer(815301076,1909f56bfc062723c751e8b465ee728b)
Start importing Assets/Scenes using Guid(f5ccc89800e177347820091ded956ac4) Importer(815301076,1909f56bfc062723c751e8b465ee728b)  -> (artifact id: '66b340201ee495e229221e6b9c1b9a71') in 0.008212 seconds
  Import took 0.011398 seconds .

========================================================================
Received Import Request.
  Time since last request: 0.000349 seconds.
  path: Assets/Resources
  artifactKey: Guid(3a64afda5562f5548ad37a5112ecaad2) Importer(815301076,1909f56bfc062723c751e8b465ee728b)
Start importing Assets/Resources using Guid(3a64afda5562f5548ad37a5112ecaad2) Importer(815301076,1909f56bfc062723c751e8b465ee728b)  -> (artifact id: '22c45da77cf50bd95109208c62b68f7e') in 0.006752 seconds
  Import took 0.009670 seconds .

========================================================================
Received Import Request.
  Time since last request: 0.000328 seconds.
  path: Assets/Resources/DOTweenSettings.asset
  artifactKey: Guid(3aeec39aa8b5e1041b499c3dd9b4e53d) Importer(815301076,1909f56bfc062723c751e8b465ee728b)
Start importing Assets/Resources/DOTweenSettings.asset using Guid(3aeec39aa8b5e1041b499c3dd9b4e53d) Importer(815301076,1909f56bfc062723c751e8b465ee728b)  -> (artifact id: 'b1dc465d90a9241f8a67e36732adadd7') in 0.039676 seconds
  Import took 0.042649 seconds .

